<?xml version="1.0" encoding="UTF-8"?>
<testng-results ignored="0" total="1" passed="1" failed="0" skipped="0">
  <reporter-output>
  </reporter-output>
  <suite started-at="2024-09-15T17:32:18 IST" name="Default suite" finished-at="2024-09-15T17:32:25 IST" duration-ms="6918">
    <groups>
    </groups>
    <test started-at="2024-09-15T17:32:18 IST" name="Default test" finished-at="2024-09-15T17:32:25 IST" duration-ms="6918">
      <class name="testNG.CrossBrowsingTesting">
        <test-method signature="OpenBrowser()[pri:0, instance:testNG.CrossBrowsingTesting@4d5d943d]" started-at="2024-09-15T17:32:18 IST" name="OpenBrowser" finished-at="2024-09-15T17:32:25 IST" duration-ms="6885" status="PASS">
          <reporter-output>
          </reporter-output>
        </test-method> <!-- OpenBrowser -->
      </class> <!-- testNG.CrossBrowsingTesting -->
    </test> <!-- Default test -->
  </suite> <!-- Default suite -->
</testng-results>
